{"timestamp":"2025-06-06T03:20:26.369131","level":"info","event":"DAG bundles loaded: dags-folder, example_dags","logger":"airflow.dag_processing.bundles.manager.DagBundlesManager"}
{"timestamp":"2025-06-06T03:20:26.369355","level":"info","event":"Filling up the DagBag from /opt/airflow/dags/reddit_btc_pipeline.py","logger":"airflow.models.dagbag.DagBag"}
{"timestamp":"2025-06-06T03:20:26.374695","level":"info","event":"Tmp dir root location: /tmp","logger":"airflow.task.hooks.airflow.providers.standard.hooks.subprocess.SubprocessHook"}
{"timestamp":"2025-06-06T03:20:26.375159","level":"info","event":"Running command: ['/usr/bin/bash', '-c', 'cd /opt/airflow/user_pipeline && python scripts/daily_pipeline.py']","logger":"airflow.task.hooks.airflow.providers.standard.hooks.subprocess.SubprocessHook"}
{"timestamp":"2025-06-06T03:20:26.384196Z","level":"info","event":"Task instance is in running state","chan":"stdout","logger":"task"}
{"timestamp":"2025-06-06T03:20:26.384304Z","level":"info","event":" Previous state of the Task instance: TaskInstanceState.QUEUED","chan":"stdout","logger":"task"}
{"timestamp":"2025-06-06T03:20:26.384357Z","level":"info","event":"Current task name:run_pipeline","chan":"stdout","logger":"task"}
{"timestamp":"2025-06-06T03:20:26.384410Z","level":"info","event":"Dag name:reddit_btc_pipeline","chan":"stdout","logger":"task"}
{"timestamp":"2025-06-06T03:20:26.380290","level":"info","event":"Output:","logger":"airflow.task.hooks.airflow.providers.standard.hooks.subprocess.SubprocessHook"}
{"timestamp":"2025-06-06T03:20:27.422217","level":"info","event":"[nltk_data] Downloading package vader_lexicon to","logger":"airflow.task.hooks.airflow.providers.standard.hooks.subprocess.SubprocessHook"}
{"timestamp":"2025-06-06T03:20:27.422344","level":"info","event":"[nltk_data]     /home/airflow/nltk_data...","logger":"airflow.task.hooks.airflow.providers.standard.hooks.subprocess.SubprocessHook"}
{"timestamp":"2025-06-06T03:20:27.422832","level":"info","event":"[nltk_data]   Package vader_lexicon is already up-to-date!","logger":"airflow.task.hooks.airflow.providers.standard.hooks.subprocess.SubprocessHook"}
{"timestamp":"2025-06-06T04:45:31.584026","level":"info","event":"\rReddit posts: 0it [00:00, ?it/s]\rReddit posts: 0it [1:25:04, ?it/s]","logger":"airflow.task.hooks.airflow.providers.standard.hooks.subprocess.SubprocessHook"}
{"timestamp":"2025-06-06T04:45:31.603144","level":"info","event":"Traceback (most recent call last):","logger":"airflow.task.hooks.airflow.providers.standard.hooks.subprocess.SubprocessHook"}
{"timestamp":"2025-06-06T04:45:31.603345","level":"info","event":"  File \"/opt/airflow/user_pipeline/scripts/daily_pipeline.py\", line 23, in <module>","logger":"airflow.task.hooks.airflow.providers.standard.hooks.subprocess.SubprocessHook"}
{"timestamp":"2025-06-06T04:45:31.603843","level":"info","event":"    process_sentiment(\"data/staging/reddit_today.csv\", \"data/staging/reddit_today.csv\")","logger":"airflow.task.hooks.airflow.providers.standard.hooks.subprocess.SubprocessHook"}
{"timestamp":"2025-06-06T04:45:31.603989","level":"info","event":"  File \"/opt/airflow/user_pipeline/scripts/process_sentiment.py\", line 9, in process_sentiment","logger":"airflow.task.hooks.airflow.providers.standard.hooks.subprocess.SubprocessHook"}
{"timestamp":"2025-06-06T04:45:31.604468","level":"info","event":"    df = pd.read_csv(input_file)","logger":"airflow.task.hooks.airflow.providers.standard.hooks.subprocess.SubprocessHook"}
{"timestamp":"2025-06-06T04:45:31.604560","level":"info","event":"         ^^^^^^^^^^^^^^^^^^^^^^^","logger":"airflow.task.hooks.airflow.providers.standard.hooks.subprocess.SubprocessHook"}
{"timestamp":"2025-06-06T04:45:31.604609","level":"info","event":"  File \"/home/airflow/.local/lib/python3.12/site-packages/pandas/io/parsers/readers.py\", line 948, in read_csv","logger":"airflow.task.hooks.airflow.providers.standard.hooks.subprocess.SubprocessHook"}
{"timestamp":"2025-06-06T04:45:31.604851","level":"info","event":"    return _read(filepath_or_buffer, kwds)","logger":"airflow.task.hooks.airflow.providers.standard.hooks.subprocess.SubprocessHook"}
{"timestamp":"2025-06-06T04:45:31.604969","level":"info","event":"           ^^^^^^^^^^^^^^^^^^^^^^^^^^^^^^^","logger":"airflow.task.hooks.airflow.providers.standard.hooks.subprocess.SubprocessHook"}
{"timestamp":"2025-06-06T04:45:31.605021","level":"info","event":"  File \"/home/airflow/.local/lib/python3.12/site-packages/pandas/io/parsers/readers.py\", line 611, in _read","logger":"airflow.task.hooks.airflow.providers.standard.hooks.subprocess.SubprocessHook"}
{"timestamp":"2025-06-06T04:45:31.605059","level":"info","event":"    parser = TextFileReader(filepath_or_buffer, **kwds)","logger":"airflow.task.hooks.airflow.providers.standard.hooks.subprocess.SubprocessHook"}
{"timestamp":"2025-06-06T04:45:31.605095","level":"info","event":"             ^^^^^^^^^^^^^^^^^^^^^^^^^^^^^^^^^^^^^^^^^^","logger":"airflow.task.hooks.airflow.providers.standard.hooks.subprocess.SubprocessHook"}
{"timestamp":"2025-06-06T04:45:31.605128","level":"info","event":"  File \"/home/airflow/.local/lib/python3.12/site-packages/pandas/io/parsers/readers.py\", line 1448, in __init__","logger":"airflow.task.hooks.airflow.providers.standard.hooks.subprocess.SubprocessHook"}
{"timestamp":"2025-06-06T04:45:31.605302","level":"info","event":"    self._engine = self._make_engine(f, self.engine)","logger":"airflow.task.hooks.airflow.providers.standard.hooks.subprocess.SubprocessHook"}
{"timestamp":"2025-06-06T04:45:31.605360","level":"info","event":"                   ^^^^^^^^^^^^^^^^^^^^^^^^^^^^^^^^^","logger":"airflow.task.hooks.airflow.providers.standard.hooks.subprocess.SubprocessHook"}
{"timestamp":"2025-06-06T04:45:31.605401","level":"info","event":"  File \"/home/airflow/.local/lib/python3.12/site-packages/pandas/io/parsers/readers.py\", line 1723, in _make_engine","logger":"airflow.task.hooks.airflow.providers.standard.hooks.subprocess.SubprocessHook"}
{"timestamp":"2025-06-06T04:45:31.605681","level":"info","event":"    return mapping[engine](f, **self.options)","logger":"airflow.task.hooks.airflow.providers.standard.hooks.subprocess.SubprocessHook"}
{"timestamp":"2025-06-06T04:45:31.605749","level":"info","event":"           ^^^^^^^^^^^^^^^^^^^^^^^^^^^^^^^^^^","logger":"airflow.task.hooks.airflow.providers.standard.hooks.subprocess.SubprocessHook"}
{"timestamp":"2025-06-06T04:45:31.605787","level":"info","event":"  File \"/home/airflow/.local/lib/python3.12/site-packages/pandas/io/parsers/c_parser_wrapper.py\", line 93, in __init__","logger":"airflow.task.hooks.airflow.providers.standard.hooks.subprocess.SubprocessHook"}
{"timestamp":"2025-06-06T04:45:31.605871","level":"info","event":"    self._reader = parsers.TextReader(src, **kwds)","logger":"airflow.task.hooks.airflow.providers.standard.hooks.subprocess.SubprocessHook"}
{"timestamp":"2025-06-06T04:45:31.605907","level":"info","event":"                   ^^^^^^^^^^^^^^^^^^^^^^^^^^^^^^^","logger":"airflow.task.hooks.airflow.providers.standard.hooks.subprocess.SubprocessHook"}
{"timestamp":"2025-06-06T04:45:31.605938","level":"info","event":"  File \"parsers.pyx\", line 586, in pandas._libs.parsers.TextReader.__cinit__","logger":"airflow.task.hooks.airflow.providers.standard.hooks.subprocess.SubprocessHook"}
{"timestamp":"2025-06-06T04:45:31.606372","level":"info","event":"pandas.errors.EmptyDataError: No columns to parse from file","logger":"airflow.task.hooks.airflow.providers.standard.hooks.subprocess.SubprocessHook"}
{"timestamp":"2025-06-06T04:45:31.819177","level":"info","event":"Command exited with return code 1","logger":"airflow.task.hooks.airflow.providers.standard.hooks.subprocess.SubprocessHook"}
{"timestamp":"2025-06-06T04:45:31.820402","level":"error","event":"Task failed with exception","logger":"task","error_detail":[{"exc_type":"AirflowException","exc_value":"Bash command failed. The command returned a non-zero exit code 1.","exc_notes":[],"syntax_error":null,"is_cause":false,"frames":[{"filename":"/home/airflow/.local/lib/python3.12/site-packages/airflow/sdk/execution_time/task_runner.py","lineno":838,"name":"run"},{"filename":"/home/airflow/.local/lib/python3.12/site-packages/airflow/sdk/execution_time/task_runner.py","lineno":1130,"name":"_execute_task"},{"filename":"/home/airflow/.local/lib/python3.12/site-packages/airflow/sdk/bases/operator.py","lineno":408,"name":"wrapper"},{"filename":"/home/airflow/.local/lib/python3.12/site-packages/airflow/providers/standard/operators/bash.py","lineno":233,"name":"execute"}]}]}
{"timestamp":"2025-06-06T04:45:31.821623Z","level":"info","event":"Task instance in failure state","chan":"stdout","logger":"task"}
{"timestamp":"2025-06-06T04:45:31.822632Z","level":"info","event":"Task start","chan":"stdout","logger":"task"}
{"timestamp":"2025-06-06T04:45:31.822748Z","level":"info","event":"Task:<Task(BashOperator): run_pipeline>","chan":"stdout","logger":"task"}
{"timestamp":"2025-06-06T04:45:31.822856Z","level":"info","event":"Failure caused by Bash command failed. The command returned a non-zero exit code 1.","chan":"stdout","logger":"task"}
