{"timestamp":"2025-05-26T19:49:33.640201","level":"info","event":"DAG bundles loaded: dags-folder, example_dags","logger":"airflow.dag_processing.bundles.manager.DagBundlesManager"}
{"timestamp":"2025-05-26T19:49:33.640559","level":"info","event":"Filling up the DagBag from /opt/airflow/dags/reddit_btc_pipeline.py","logger":"airflow.models.dagbag.DagBag"}
{"timestamp":"2025-05-26T19:49:33.647465","level":"info","event":"Tmp dir root location: /tmp","logger":"airflow.task.hooks.airflow.providers.standard.hooks.subprocess.SubprocessHook"}
{"timestamp":"2025-05-26T19:49:33.648234","level":"info","event":"Running command: ['/usr/bin/bash', '-c', 'cd /opt/airflow/user_pipeline && python scripts/daily_pipeline.py']","logger":"airflow.task.hooks.airflow.providers.standard.hooks.subprocess.SubprocessHook"}
{"timestamp":"2025-05-26T19:49:34.094205Z","level":"info","event":"Task instance is in running state","chan":"stdout","logger":"task"}
{"timestamp":"2025-05-26T19:49:34.095310Z","level":"info","event":" Previous state of the Task instance: TaskInstanceState.QUEUED","chan":"stdout","logger":"task"}
{"timestamp":"2025-05-26T19:49:34.095474Z","level":"info","event":"Current task name:run_pipeline","chan":"stdout","logger":"task"}
{"timestamp":"2025-05-26T19:49:34.096145Z","level":"info","event":"Dag name:reddit_btc_pipeline","chan":"stdout","logger":"task"}
{"timestamp":"2025-05-26T19:49:33.654499","level":"info","event":"Output:","logger":"airflow.task.hooks.airflow.providers.standard.hooks.subprocess.SubprocessHook"}
{"timestamp":"2025-05-26T19:49:34.237434","level":"info","event":"Traceback (most recent call last):","logger":"airflow.task.hooks.airflow.providers.standard.hooks.subprocess.SubprocessHook"}
{"timestamp":"2025-05-26T19:49:34.237529","level":"info","event":"  File \"/opt/airflow/user_pipeline/scripts/daily_pipeline.py\", line 7, in <module>","logger":"airflow.task.hooks.airflow.providers.standard.hooks.subprocess.SubprocessHook"}
{"timestamp":"2025-05-26T19:49:34.237577","level":"info","event":"    from fetch_reddit import fetch_reddit_posts","logger":"airflow.task.hooks.airflow.providers.standard.hooks.subprocess.SubprocessHook"}
{"timestamp":"2025-05-26T19:49:34.237606","level":"info","event":"  File \"/opt/airflow/user_pipeline/scripts/fetch_reddit.py\", line 1, in <module>","logger":"airflow.task.hooks.airflow.providers.standard.hooks.subprocess.SubprocessHook"}
{"timestamp":"2025-05-26T19:49:34.237905","level":"info","event":"    import praw","logger":"airflow.task.hooks.airflow.providers.standard.hooks.subprocess.SubprocessHook"}
{"timestamp":"2025-05-26T19:49:34.237983","level":"info","event":"ModuleNotFoundError: No module named 'praw'","logger":"airflow.task.hooks.airflow.providers.standard.hooks.subprocess.SubprocessHook"}
{"timestamp":"2025-05-26T19:49:34.271767","level":"info","event":"Command exited with return code 1","logger":"airflow.task.hooks.airflow.providers.standard.hooks.subprocess.SubprocessHook"}
{"timestamp":"2025-05-26T19:49:34.272340","level":"error","event":"Task failed with exception","logger":"task","error_detail":[{"exc_type":"AirflowException","exc_value":"Bash command failed. The command returned a non-zero exit code 1.","exc_notes":[],"syntax_error":null,"is_cause":false,"frames":[{"filename":"/home/airflow/.local/lib/python3.12/site-packages/airflow/sdk/execution_time/task_runner.py","lineno":838,"name":"run"},{"filename":"/home/airflow/.local/lib/python3.12/site-packages/airflow/sdk/execution_time/task_runner.py","lineno":1130,"name":"_execute_task"},{"filename":"/home/airflow/.local/lib/python3.12/site-packages/airflow/sdk/bases/operator.py","lineno":408,"name":"wrapper"},{"filename":"/home/airflow/.local/lib/python3.12/site-packages/airflow/providers/standard/operators/bash.py","lineno":233,"name":"execute"}]}]}
{"timestamp":"2025-05-26T19:49:34.272855Z","level":"info","event":"Task instance in failure state","chan":"stdout","logger":"task"}
{"timestamp":"2025-05-26T19:49:34.273151Z","level":"info","event":"Task start","chan":"stdout","logger":"task"}
{"timestamp":"2025-05-26T19:49:34.273245Z","level":"info","event":"Task:<Task(BashOperator): run_pipeline>","chan":"stdout","logger":"task"}
{"timestamp":"2025-05-26T19:49:34.273416Z","level":"info","event":"Failure caused by Bash command failed. The command returned a non-zero exit code 1.","chan":"stdout","logger":"task"}
