{"timestamp":"2025-05-31T08:35:46.181641","level":"info","event":"DAG bundles loaded: dags-folder, example_dags","logger":"airflow.dag_processing.bundles.manager.DagBundlesManager"}
{"timestamp":"2025-05-31T08:35:46.181992","level":"info","event":"Filling up the DagBag from /opt/airflow/dags/reddit_btc_pipeline.py","logger":"airflow.models.dagbag.DagBag"}
{"timestamp":"2025-05-31T08:35:46.197572Z","level":"info","event":"Task instance is in running state","chan":"stdout","logger":"task"}
{"timestamp":"2025-05-31T08:35:46.198585Z","level":"info","event":" Previous state of the Task instance: TaskInstanceState.QUEUED","chan":"stdout","logger":"task"}
{"timestamp":"2025-05-31T08:35:46.199187Z","level":"info","event":"Current task name:check_new_reddit_posts","chan":"stdout","logger":"task"}
{"timestamp":"2025-05-31T08:35:46.199543Z","level":"info","event":"Dag name:reddit_btc_pipeline","chan":"stdout","logger":"task"}
{"timestamp":"2025-05-31T08:35:48.238888Z","level":"info","event":"STDOUT:","chan":"stdout","logger":"task"}
{"timestamp":"2025-05-31T08:35:48.239175Z","level":"info","event":"STDERR: Traceback (most recent call last):","chan":"stdout","logger":"task"}
{"timestamp":"2025-05-31T08:35:48.239298Z","level":"info","event":"  File \"/opt/airflow/user_pipeline/scripts/check_new_reddit_posts.py\", line 37, in <module>","chan":"stdout","logger":"task"}
{"timestamp":"2025-05-31T08:35:48.239396Z","level":"info","event":"    result = check_for_new_reddit_posts()","chan":"stdout","logger":"task"}
{"timestamp":"2025-05-31T08:35:48.239482Z","level":"info","event":"             ^^^^^^^^^^^^^^^^^^^^^^^^^^^^","chan":"stdout","logger":"task"}
{"timestamp":"2025-05-31T08:35:48.239591Z","level":"info","event":"  File \"/opt/airflow/user_pipeline/scripts/check_new_reddit_posts.py\", line 28, in check_for_new_reddit_posts","chan":"stdout","logger":"task"}
{"timestamp":"2025-05-31T08:35:48.239671Z","level":"info","event":"    existing_df = pd.read_csv(master_file_path)","chan":"stdout","logger":"task"}
{"timestamp":"2025-05-31T08:35:48.239756Z","level":"info","event":"                  ^^^^^^^^^^^^^^^^^^^^^^^^^^^^^","chan":"stdout","logger":"task"}
{"timestamp":"2025-05-31T08:35:48.239833Z","level":"info","event":"  File \"/home/airflow/.local/lib/python3.12/site-packages/pandas/io/parsers/readers.py\", line 948, in read_csv","chan":"stdout","logger":"task"}
{"timestamp":"2025-05-31T08:35:48.239899Z","level":"info","event":"    return _read(filepath_or_buffer, kwds)","chan":"stdout","logger":"task"}
{"timestamp":"2025-05-31T08:35:48.239969Z","level":"info","event":"           ^^^^^^^^^^^^^^^^^^^^^^^^^^^^^^^","chan":"stdout","logger":"task"}
{"timestamp":"2025-05-31T08:35:48.240044Z","level":"info","event":"  File \"/home/airflow/.local/lib/python3.12/site-packages/pandas/io/parsers/readers.py\", line 611, in _read","chan":"stdout","logger":"task"}
{"timestamp":"2025-05-31T08:35:48.240121Z","level":"info","event":"    parser = TextFileReader(filepath_or_buffer, **kwds)","chan":"stdout","logger":"task"}
{"timestamp":"2025-05-31T08:35:48.240195Z","level":"info","event":"             ^^^^^^^^^^^^^^^^^^^^^^^^^^^^^^^^^^^^^^^^^^","chan":"stdout","logger":"task"}
{"timestamp":"2025-05-31T08:35:48.240275Z","level":"info","event":"  File \"/home/airflow/.local/lib/python3.12/site-packages/pandas/io/parsers/readers.py\", line 1448, in __init__","chan":"stdout","logger":"task"}
{"timestamp":"2025-05-31T08:35:48.240353Z","level":"info","event":"    self._engine = self._make_engine(f, self.engine)","chan":"stdout","logger":"task"}
{"timestamp":"2025-05-31T08:35:48.240424Z","level":"info","event":"                   ^^^^^^^^^^^^^^^^^^^^^^^^^^^^^^^^^","chan":"stdout","logger":"task"}
{"timestamp":"2025-05-31T08:35:48.240504Z","level":"info","event":"  File \"/home/airflow/.local/lib/python3.12/site-packages/pandas/io/parsers/readers.py\", line 1723, in _make_engine","chan":"stdout","logger":"task"}
{"timestamp":"2025-05-31T08:35:48.240588Z","level":"info","event":"    return mapping[engine](f, **self.options)","chan":"stdout","logger":"task"}
{"timestamp":"2025-05-31T08:35:48.240666Z","level":"info","event":"           ^^^^^^^^^^^^^^^^^^^^^^^^^^^^^^^^^^","chan":"stdout","logger":"task"}
{"timestamp":"2025-05-31T08:35:48.240798Z","level":"info","event":"  File \"/home/airflow/.local/lib/python3.12/site-packages/pandas/io/parsers/c_parser_wrapper.py\", line 93, in __init__","chan":"stdout","logger":"task"}
{"timestamp":"2025-05-31T08:35:48.240865Z","level":"info","event":"    self._reader = parsers.TextReader(src, **kwds)","chan":"stdout","logger":"task"}
{"timestamp":"2025-05-31T08:35:48.240931Z","level":"info","event":"                   ^^^^^^^^^^^^^^^^^^^^^^^^^^^^^^^","chan":"stdout","logger":"task"}
{"timestamp":"2025-05-31T08:35:48.241009Z","level":"info","event":"  File \"parsers.pyx\", line 586, in pandas._libs.parsers.TextReader.__cinit__","chan":"stdout","logger":"task"}
{"timestamp":"2025-05-31T08:35:48.241083Z","level":"info","event":"pandas.errors.EmptyDataError: No columns to parse from file","chan":"stdout","logger":"task"}
{"timestamp":"2025-05-31T08:35:48.241167Z","level":"info","event":"","chan":"stdout","logger":"task"}
{"timestamp":"2025-05-31T08:35:48.241289Z","level":"info","event":"Task instance in success state","chan":"stdout","logger":"task"}
{"timestamp":"2025-05-31T08:35:48.241363Z","level":"info","event":" Previous state of the Task instance: TaskInstanceState.RUNNING","chan":"stdout","logger":"task"}
{"timestamp":"2025-05-31T08:35:48.241428Z","level":"info","event":"Task operator:<Task(ShortCircuitOperator): check_new_reddit_posts>","chan":"stdout","logger":"task"}
{"timestamp":"2025-05-31T08:35:48.239731","level":"info","event":"Done. Returned value was: False","logger":"airflow.task.operators.airflow.providers.standard.operators.python.ShortCircuitOperator"}
{"timestamp":"2025-05-31T08:35:48.239849","level":"info","event":"Condition result is False","logger":"airflow.task.operators.airflow.providers.standard.operators.python.ShortCircuitOperator"}
{"timestamp":"2025-05-31T08:35:48.239908","level":"info","event":"Skipping downstream tasks","logger":"airflow.task.operators.airflow.providers.standard.operators.python.ShortCircuitOperator"}
{"timestamp":"2025-05-31T08:35:48.240378","level":"info","event":"Skipping downstream tasks.","logger":"task"}
