{"timestamp":"2025-06-04T16:40:17.744812","level":"info","event":"DAG bundles loaded: dags-folder, example_dags","logger":"airflow.dag_processing.bundles.manager.DagBundlesManager"}
{"timestamp":"2025-06-04T16:40:17.745037","level":"info","event":"Filling up the DagBag from /opt/airflow/dags/reddit_btc_pipeline.py","logger":"airflow.models.dagbag.DagBag"}
{"timestamp":"2025-06-04T16:40:17.750508","level":"info","event":"Tmp dir root location: /tmp","logger":"airflow.task.hooks.airflow.providers.standard.hooks.subprocess.SubprocessHook"}
{"timestamp":"2025-06-04T16:40:17.750955","level":"info","event":"Running command: ['/usr/bin/bash', '-c', 'cd /opt/airflow/user_pipeline && python scripts/daily_pipeline.py']","logger":"airflow.task.hooks.airflow.providers.standard.hooks.subprocess.SubprocessHook"}
{"timestamp":"2025-06-04T16:40:17.760502Z","level":"info","event":"Task instance is in running state","chan":"stdout","logger":"task"}
{"timestamp":"2025-06-04T16:40:17.760617Z","level":"info","event":" Previous state of the Task instance: TaskInstanceState.QUEUED","chan":"stdout","logger":"task"}
{"timestamp":"2025-06-04T16:40:17.760714Z","level":"info","event":"Current task name:run_pipeline","chan":"stdout","logger":"task"}
{"timestamp":"2025-06-04T16:40:17.760790Z","level":"info","event":"Dag name:reddit_btc_pipeline","chan":"stdout","logger":"task"}
{"timestamp":"2025-06-04T16:40:17.756040","level":"info","event":"Output:","logger":"airflow.task.hooks.airflow.providers.standard.hooks.subprocess.SubprocessHook"}
{"timestamp":"2025-06-04T16:40:33.773200","level":"info","event":"Traceback (most recent call last):","logger":"airflow.task.hooks.airflow.providers.standard.hooks.subprocess.SubprocessHook"}
{"timestamp":"2025-06-04T16:40:33.773537","level":"info","event":"  File \"/opt/airflow/user_pipeline/scripts/daily_pipeline.py\", line 9, in <module>","logger":"airflow.task.hooks.airflow.providers.standard.hooks.subprocess.SubprocessHook"}
{"timestamp":"2025-06-04T16:40:33.774617","level":"info","event":"    from process_sentiment import process_sentiment","logger":"airflow.task.hooks.airflow.providers.standard.hooks.subprocess.SubprocessHook"}
{"timestamp":"2025-06-04T16:40:33.774724","level":"info","event":"  File \"/opt/airflow/user_pipeline/scripts/process_sentiment.py\", line 5, in <module>","logger":"airflow.task.hooks.airflow.providers.standard.hooks.subprocess.SubprocessHook"}
{"timestamp":"2025-06-04T16:40:33.775781","level":"info","event":"    nltk.download('vader_lexicon')","logger":"airflow.task.hooks.airflow.providers.standard.hooks.subprocess.SubprocessHook"}
{"timestamp":"2025-06-04T16:40:33.775956","level":"info","event":"  File \"/home/airflow/.local/lib/python3.12/site-packages/nltk/downloader.py\", line 774, in download","logger":"airflow.task.hooks.airflow.providers.standard.hooks.subprocess.SubprocessHook"}
{"timestamp":"2025-06-04T16:40:33.777511","level":"info","event":"    for msg in self.incr_download(info_or_id, download_dir, force):","logger":"airflow.task.hooks.airflow.providers.standard.hooks.subprocess.SubprocessHook"}
{"timestamp":"2025-06-04T16:40:33.777660","level":"info","event":"               ^^^^^^^^^^^^^^^^^^^^^^^^^^^^^^^^^^^^^^^^^^^^^^^^^^^","logger":"airflow.task.hooks.airflow.providers.standard.hooks.subprocess.SubprocessHook"}
{"timestamp":"2025-06-04T16:40:33.777736","level":"info","event":"  File \"/home/airflow/.local/lib/python3.12/site-packages/nltk/downloader.py\", line 629, in incr_download","logger":"airflow.task.hooks.airflow.providers.standard.hooks.subprocess.SubprocessHook"}
{"timestamp":"2025-06-04T16:40:33.777813","level":"info","event":"    info = self._info_or_id(info_or_id)","logger":"airflow.task.hooks.airflow.providers.standard.hooks.subprocess.SubprocessHook"}
{"timestamp":"2025-06-04T16:40:33.777883","level":"info","event":"           ^^^^^^^^^^^^^^^^^^^^^^^^^^^^","logger":"airflow.task.hooks.airflow.providers.standard.hooks.subprocess.SubprocessHook"}
{"timestamp":"2025-06-04T16:40:33.777950","level":"info","event":"  File \"/home/airflow/.local/lib/python3.12/site-packages/nltk/downloader.py\", line 603, in _info_or_id","logger":"airflow.task.hooks.airflow.providers.standard.hooks.subprocess.SubprocessHook"}
{"timestamp":"2025-06-04T16:40:33.778118","level":"info","event":"    return self.info(info_or_id)","logger":"airflow.task.hooks.airflow.providers.standard.hooks.subprocess.SubprocessHook"}
{"timestamp":"2025-06-04T16:40:33.778214","level":"info","event":"           ^^^^^^^^^^^^^^^^^^^^^","logger":"airflow.task.hooks.airflow.providers.standard.hooks.subprocess.SubprocessHook"}
{"timestamp":"2025-06-04T16:40:33.778305","level":"info","event":"  File \"/home/airflow/.local/lib/python3.12/site-packages/nltk/downloader.py\", line 1006, in info","logger":"airflow.task.hooks.airflow.providers.standard.hooks.subprocess.SubprocessHook"}
{"timestamp":"2025-06-04T16:40:33.778422","level":"info","event":"    self._update_index()","logger":"airflow.task.hooks.airflow.providers.standard.hooks.subprocess.SubprocessHook"}
{"timestamp":"2025-06-04T16:40:33.778485","level":"info","event":"  File \"/home/airflow/.local/lib/python3.12/site-packages/nltk/downloader.py\", line 949, in _update_index","logger":"airflow.task.hooks.airflow.providers.standard.hooks.subprocess.SubprocessHook"}
{"timestamp":"2025-06-04T16:40:33.778703","level":"info","event":"    ElementTree.parse(urlopen(self._url)).getroot()","logger":"airflow.task.hooks.airflow.providers.standard.hooks.subprocess.SubprocessHook"}
{"timestamp":"2025-06-04T16:40:33.778763","level":"info","event":"    ^^^^^^^^^^^^^^^^^^^^^^^^^^^^^^^^^^^^^","logger":"airflow.task.hooks.airflow.providers.standard.hooks.subprocess.SubprocessHook"}
{"timestamp":"2025-06-04T16:40:33.778819","level":"info","event":"  File \"/usr/local/lib/python3.12/xml/etree/ElementTree.py\", line 1204, in parse","logger":"airflow.task.hooks.airflow.providers.standard.hooks.subprocess.SubprocessHook"}
{"timestamp":"2025-06-04T16:40:33.779107","level":"info","event":"    tree.parse(source, parser)","logger":"airflow.task.hooks.airflow.providers.standard.hooks.subprocess.SubprocessHook"}
{"timestamp":"2025-06-04T16:40:33.779165","level":"info","event":"  File \"/usr/local/lib/python3.12/xml/etree/ElementTree.py\", line 569, in parse","logger":"airflow.task.hooks.airflow.providers.standard.hooks.subprocess.SubprocessHook"}
{"timestamp":"2025-06-04T16:40:33.779313","level":"info","event":"    self._root = parser._parse_whole(source)","logger":"airflow.task.hooks.airflow.providers.standard.hooks.subprocess.SubprocessHook"}
{"timestamp":"2025-06-04T16:40:33.779370","level":"info","event":"                 ^^^^^^^^^^^^^^^^^^^^^^^^^^^","logger":"airflow.task.hooks.airflow.providers.standard.hooks.subprocess.SubprocessHook"}
{"timestamp":"2025-06-04T16:40:33.779423","level":"info","event":"xml.etree.ElementTree.ParseError: unclosed token: line 79, column 4","logger":"airflow.task.hooks.airflow.providers.standard.hooks.subprocess.SubprocessHook"}
{"timestamp":"2025-06-04T16:40:33.901069","level":"info","event":"Command exited with return code 1","logger":"airflow.task.hooks.airflow.providers.standard.hooks.subprocess.SubprocessHook"}
{"timestamp":"2025-06-04T16:40:33.901497","level":"error","event":"Task failed with exception","logger":"task","error_detail":[{"exc_type":"AirflowException","exc_value":"Bash command failed. The command returned a non-zero exit code 1.","exc_notes":[],"syntax_error":null,"is_cause":false,"frames":[{"filename":"/home/airflow/.local/lib/python3.12/site-packages/airflow/sdk/execution_time/task_runner.py","lineno":838,"name":"run"},{"filename":"/home/airflow/.local/lib/python3.12/site-packages/airflow/sdk/execution_time/task_runner.py","lineno":1130,"name":"_execute_task"},{"filename":"/home/airflow/.local/lib/python3.12/site-packages/airflow/sdk/bases/operator.py","lineno":408,"name":"wrapper"},{"filename":"/home/airflow/.local/lib/python3.12/site-packages/airflow/providers/standard/operators/bash.py","lineno":233,"name":"execute"}]}]}
{"timestamp":"2025-06-04T16:40:33.901992Z","level":"info","event":"Task instance in failure state","chan":"stdout","logger":"task"}
{"timestamp":"2025-06-04T16:40:33.902197Z","level":"info","event":"Task start","chan":"stdout","logger":"task"}
{"timestamp":"2025-06-04T16:40:33.902305Z","level":"info","event":"Task:<Task(BashOperator): run_pipeline>","chan":"stdout","logger":"task"}
{"timestamp":"2025-06-04T16:40:33.902392Z","level":"info","event":"Failure caused by Bash command failed. The command returned a non-zero exit code 1.","chan":"stdout","logger":"task"}
