{"timestamp":"2025-06-07T11:05:42.209562","level":"info","event":"DAG bundles loaded: dags-folder, example_dags","logger":"airflow.dag_processing.bundles.manager.DagBundlesManager"}
{"timestamp":"2025-06-07T11:05:42.209749","level":"info","event":"Filling up the DagBag from /opt/airflow/dags/reddit_btc_pipeline.py","logger":"airflow.models.dagbag.DagBag"}
{"timestamp":"2025-06-07T11:05:42.214526","level":"info","event":"Tmp dir root location: /tmp","logger":"airflow.task.hooks.airflow.providers.standard.hooks.subprocess.SubprocessHook"}
{"timestamp":"2025-06-07T11:05:42.224312Z","level":"info","event":"Task instance is in running state","chan":"stdout","logger":"task"}
{"timestamp":"2025-06-07T11:05:42.224450Z","level":"info","event":" Previous state of the Task instance: TaskInstanceState.QUEUED","chan":"stdout","logger":"task"}
{"timestamp":"2025-06-07T11:05:42.224550Z","level":"info","event":"Current task name:run_pipeline","chan":"stdout","logger":"task"}
{"timestamp":"2025-06-07T11:05:42.224651Z","level":"info","event":"Dag name:reddit_btc_pipeline","chan":"stdout","logger":"task"}
{"timestamp":"2025-06-07T11:05:42.214936","level":"info","event":"Running command: ['/usr/bin/bash', '-c', 'cd /opt/airflow/user_pipeline && python scripts/daily_pipeline.py']","logger":"airflow.task.hooks.airflow.providers.standard.hooks.subprocess.SubprocessHook"}
{"timestamp":"2025-06-07T11:05:42.220679","level":"info","event":"Output:","logger":"airflow.task.hooks.airflow.providers.standard.hooks.subprocess.SubprocessHook"}
{"timestamp":"2025-06-07T11:05:58.241039","level":"info","event":"Traceback (most recent call last):","logger":"airflow.task.hooks.airflow.providers.standard.hooks.subprocess.SubprocessHook"}
{"timestamp":"2025-06-07T11:05:58.241393","level":"info","event":"  File \"/opt/airflow/user_pipeline/scripts/daily_pipeline.py\", line 9, in <module>","logger":"airflow.task.hooks.airflow.providers.standard.hooks.subprocess.SubprocessHook"}
{"timestamp":"2025-06-07T11:05:58.242784","level":"info","event":"    from process_sentiment import process_sentiment","logger":"airflow.task.hooks.airflow.providers.standard.hooks.subprocess.SubprocessHook"}
{"timestamp":"2025-06-07T11:05:58.242937","level":"info","event":"  File \"/opt/airflow/user_pipeline/scripts/process_sentiment.py\", line 5, in <module>","logger":"airflow.task.hooks.airflow.providers.standard.hooks.subprocess.SubprocessHook"}
{"timestamp":"2025-06-07T11:05:58.243962","level":"info","event":"    nltk.download('vader_lexicon')","logger":"airflow.task.hooks.airflow.providers.standard.hooks.subprocess.SubprocessHook"}
{"timestamp":"2025-06-07T11:05:58.244162","level":"info","event":"  File \"/home/airflow/.local/lib/python3.12/site-packages/nltk/downloader.py\", line 774, in download","logger":"airflow.task.hooks.airflow.providers.standard.hooks.subprocess.SubprocessHook"}
{"timestamp":"2025-06-07T11:05:58.244587","level":"info","event":"    for msg in self.incr_download(info_or_id, download_dir, force):","logger":"airflow.task.hooks.airflow.providers.standard.hooks.subprocess.SubprocessHook"}
{"timestamp":"2025-06-07T11:05:58.244734","level":"info","event":"               ^^^^^^^^^^^^^^^^^^^^^^^^^^^^^^^^^^^^^^^^^^^^^^^^^^^","logger":"airflow.task.hooks.airflow.providers.standard.hooks.subprocess.SubprocessHook"}
{"timestamp":"2025-06-07T11:05:58.244813","level":"info","event":"  File \"/home/airflow/.local/lib/python3.12/site-packages/nltk/downloader.py\", line 629, in incr_download","logger":"airflow.task.hooks.airflow.providers.standard.hooks.subprocess.SubprocessHook"}
{"timestamp":"2025-06-07T11:05:58.244896","level":"info","event":"    info = self._info_or_id(info_or_id)","logger":"airflow.task.hooks.airflow.providers.standard.hooks.subprocess.SubprocessHook"}
{"timestamp":"2025-06-07T11:05:58.244963","level":"info","event":"           ^^^^^^^^^^^^^^^^^^^^^^^^^^^^","logger":"airflow.task.hooks.airflow.providers.standard.hooks.subprocess.SubprocessHook"}
{"timestamp":"2025-06-07T11:05:58.245030","level":"info","event":"  File \"/home/airflow/.local/lib/python3.12/site-packages/nltk/downloader.py\", line 603, in _info_or_id","logger":"airflow.task.hooks.airflow.providers.standard.hooks.subprocess.SubprocessHook"}
{"timestamp":"2025-06-07T11:05:58.245097","level":"info","event":"    return self.info(info_or_id)","logger":"airflow.task.hooks.airflow.providers.standard.hooks.subprocess.SubprocessHook"}
{"timestamp":"2025-06-07T11:05:58.245164","level":"info","event":"           ^^^^^^^^^^^^^^^^^^^^^","logger":"airflow.task.hooks.airflow.providers.standard.hooks.subprocess.SubprocessHook"}
{"timestamp":"2025-06-07T11:05:58.245228","level":"info","event":"  File \"/home/airflow/.local/lib/python3.12/site-packages/nltk/downloader.py\", line 1006, in info","logger":"airflow.task.hooks.airflow.providers.standard.hooks.subprocess.SubprocessHook"}
{"timestamp":"2025-06-07T11:05:58.245570","level":"info","event":"    self._update_index()","logger":"airflow.task.hooks.airflow.providers.standard.hooks.subprocess.SubprocessHook"}
{"timestamp":"2025-06-07T11:05:58.245682","level":"info","event":"  File \"/home/airflow/.local/lib/python3.12/site-packages/nltk/downloader.py\", line 949, in _update_index","logger":"airflow.task.hooks.airflow.providers.standard.hooks.subprocess.SubprocessHook"}
{"timestamp":"2025-06-07T11:05:58.245891","level":"info","event":"    ElementTree.parse(urlopen(self._url)).getroot()","logger":"airflow.task.hooks.airflow.providers.standard.hooks.subprocess.SubprocessHook"}
{"timestamp":"2025-06-07T11:05:58.245991","level":"info","event":"    ^^^^^^^^^^^^^^^^^^^^^^^^^^^^^^^^^^^^^","logger":"airflow.task.hooks.airflow.providers.standard.hooks.subprocess.SubprocessHook"}
{"timestamp":"2025-06-07T11:05:58.246073","level":"info","event":"  File \"/usr/local/lib/python3.12/xml/etree/ElementTree.py\", line 1204, in parse","logger":"airflow.task.hooks.airflow.providers.standard.hooks.subprocess.SubprocessHook"}
{"timestamp":"2025-06-07T11:05:58.246399","level":"info","event":"    tree.parse(source, parser)","logger":"airflow.task.hooks.airflow.providers.standard.hooks.subprocess.SubprocessHook"}
{"timestamp":"2025-06-07T11:05:58.246511","level":"info","event":"  File \"/usr/local/lib/python3.12/xml/etree/ElementTree.py\", line 569, in parse","logger":"airflow.task.hooks.airflow.providers.standard.hooks.subprocess.SubprocessHook"}
{"timestamp":"2025-06-07T11:05:58.246662","level":"info","event":"    self._root = parser._parse_whole(source)","logger":"airflow.task.hooks.airflow.providers.standard.hooks.subprocess.SubprocessHook"}
{"timestamp":"2025-06-07T11:05:58.246754","level":"info","event":"                 ^^^^^^^^^^^^^^^^^^^^^^^^^^^","logger":"airflow.task.hooks.airflow.providers.standard.hooks.subprocess.SubprocessHook"}
{"timestamp":"2025-06-07T11:05:58.246840","level":"info","event":"xml.etree.ElementTree.ParseError: unclosed token: line 491, column 6","logger":"airflow.task.hooks.airflow.providers.standard.hooks.subprocess.SubprocessHook"}
{"timestamp":"2025-06-07T11:05:58.369989","level":"info","event":"Command exited with return code 1","logger":"airflow.task.hooks.airflow.providers.standard.hooks.subprocess.SubprocessHook"}
{"timestamp":"2025-06-07T11:05:58.370416","level":"error","event":"Task failed with exception","logger":"task","error_detail":[{"exc_type":"AirflowException","exc_value":"Bash command failed. The command returned a non-zero exit code 1.","exc_notes":[],"syntax_error":null,"is_cause":false,"frames":[{"filename":"/home/airflow/.local/lib/python3.12/site-packages/airflow/sdk/execution_time/task_runner.py","lineno":838,"name":"run"},{"filename":"/home/airflow/.local/lib/python3.12/site-packages/airflow/sdk/execution_time/task_runner.py","lineno":1130,"name":"_execute_task"},{"filename":"/home/airflow/.local/lib/python3.12/site-packages/airflow/sdk/bases/operator.py","lineno":408,"name":"wrapper"},{"filename":"/home/airflow/.local/lib/python3.12/site-packages/airflow/providers/standard/operators/bash.py","lineno":233,"name":"execute"}]}]}
{"timestamp":"2025-06-07T11:05:58.370997Z","level":"info","event":"Task instance in failure state","chan":"stdout","logger":"task"}
{"timestamp":"2025-06-07T11:05:58.371247Z","level":"info","event":"Task start","chan":"stdout","logger":"task"}
{"timestamp":"2025-06-07T11:05:58.371338Z","level":"info","event":"Task:<Task(BashOperator): run_pipeline>","chan":"stdout","logger":"task"}
{"timestamp":"2025-06-07T11:05:58.371434Z","level":"info","event":"Failure caused by Bash command failed. The command returned a non-zero exit code 1.","chan":"stdout","logger":"task"}
