{"timestamp":"2025-05-31T09:29:01.103808","level":"info","event":"DAG bundles loaded: dags-folder, example_dags","logger":"airflow.dag_processing.bundles.manager.DagBundlesManager"}
{"timestamp":"2025-05-31T09:29:01.104228","level":"info","event":"Filling up the DagBag from /opt/airflow/dags/reddit_btc_pipeline.py","logger":"airflow.models.dagbag.DagBag"}
{"timestamp":"2025-05-31T09:29:01.127254Z","level":"info","event":"Task instance is in running state","chan":"stdout","logger":"task"}
{"timestamp":"2025-05-31T09:29:01.127860Z","level":"info","event":" Previous state of the Task instance: TaskInstanceState.QUEUED","chan":"stdout","logger":"task"}
{"timestamp":"2025-05-31T09:29:01.127969Z","level":"info","event":"Current task name:check_new_reddit_posts","chan":"stdout","logger":"task"}
{"timestamp":"2025-05-31T09:29:01.128224Z","level":"info","event":"Dag name:reddit_btc_pipeline","chan":"stdout","logger":"task"}
{"timestamp":"2025-05-31T09:29:03.588644Z","level":"info","event":"STDOUT:","chan":"stdout","logger":"task"}
{"timestamp":"2025-05-31T09:29:03.588845Z","level":"info","event":"STDERR: Traceback (most recent call last):","chan":"stdout","logger":"task"}
{"timestamp":"2025-05-31T09:29:03.588959Z","level":"info","event":"  File \"/opt/airflow/user_pipeline/scripts/check_new_reddit_posts.py\", line 37, in <module>","chan":"stdout","logger":"task"}
{"timestamp":"2025-05-31T09:29:03.589044Z","level":"info","event":"    result = check_for_new_reddit_posts()","chan":"stdout","logger":"task"}
{"timestamp":"2025-05-31T09:29:03.589132Z","level":"info","event":"             ^^^^^^^^^^^^^^^^^^^^^^^^^^^^","chan":"stdout","logger":"task"}
{"timestamp":"2025-05-31T09:29:03.589205Z","level":"info","event":"  File \"/opt/airflow/user_pipeline/scripts/check_new_reddit_posts.py\", line 28, in check_for_new_reddit_posts","chan":"stdout","logger":"task"}
{"timestamp":"2025-05-31T09:29:03.589280Z","level":"info","event":"    existing_df = pd.read_csv(master_file_path)","chan":"stdout","logger":"task"}
{"timestamp":"2025-05-31T09:29:03.589354Z","level":"info","event":"                  ^^^^^^^^^^^^^^^^^^^^^^^^^^^^^","chan":"stdout","logger":"task"}
{"timestamp":"2025-05-31T09:29:03.589422Z","level":"info","event":"  File \"/home/airflow/.local/lib/python3.12/site-packages/pandas/io/parsers/readers.py\", line 948, in read_csv","chan":"stdout","logger":"task"}
{"timestamp":"2025-05-31T09:29:03.589493Z","level":"info","event":"    return _read(filepath_or_buffer, kwds)","chan":"stdout","logger":"task"}
{"timestamp":"2025-05-31T09:29:03.589558Z","level":"info","event":"           ^^^^^^^^^^^^^^^^^^^^^^^^^^^^^^^","chan":"stdout","logger":"task"}
{"timestamp":"2025-05-31T09:29:03.589624Z","level":"info","event":"  File \"/home/airflow/.local/lib/python3.12/site-packages/pandas/io/parsers/readers.py\", line 611, in _read","chan":"stdout","logger":"task"}
{"timestamp":"2025-05-31T09:29:03.589707Z","level":"info","event":"    parser = TextFileReader(filepath_or_buffer, **kwds)","chan":"stdout","logger":"task"}
{"timestamp":"2025-05-31T09:29:03.589795Z","level":"info","event":"             ^^^^^^^^^^^^^^^^^^^^^^^^^^^^^^^^^^^^^^^^^^","chan":"stdout","logger":"task"}
{"timestamp":"2025-05-31T09:29:03.589879Z","level":"info","event":"  File \"/home/airflow/.local/lib/python3.12/site-packages/pandas/io/parsers/readers.py\", line 1448, in __init__","chan":"stdout","logger":"task"}
{"timestamp":"2025-05-31T09:29:03.589963Z","level":"info","event":"    self._engine = self._make_engine(f, self.engine)","chan":"stdout","logger":"task"}
{"timestamp":"2025-05-31T09:29:03.590041Z","level":"info","event":"                   ^^^^^^^^^^^^^^^^^^^^^^^^^^^^^^^^^","chan":"stdout","logger":"task"}
{"timestamp":"2025-05-31T09:29:03.590115Z","level":"info","event":"  File \"/home/airflow/.local/lib/python3.12/site-packages/pandas/io/parsers/readers.py\", line 1723, in _make_engine","chan":"stdout","logger":"task"}
{"timestamp":"2025-05-31T09:29:03.590197Z","level":"info","event":"    return mapping[engine](f, **self.options)","chan":"stdout","logger":"task"}
{"timestamp":"2025-05-31T09:29:03.590285Z","level":"info","event":"           ^^^^^^^^^^^^^^^^^^^^^^^^^^^^^^^^^^","chan":"stdout","logger":"task"}
{"timestamp":"2025-05-31T09:29:03.590401Z","level":"info","event":"  File \"/home/airflow/.local/lib/python3.12/site-packages/pandas/io/parsers/c_parser_wrapper.py\", line 93, in __init__","chan":"stdout","logger":"task"}
{"timestamp":"2025-05-31T09:29:03.590465Z","level":"info","event":"    self._reader = parsers.TextReader(src, **kwds)","chan":"stdout","logger":"task"}
{"timestamp":"2025-05-31T09:29:03.590531Z","level":"info","event":"                   ^^^^^^^^^^^^^^^^^^^^^^^^^^^^^^^","chan":"stdout","logger":"task"}
{"timestamp":"2025-05-31T09:29:03.590596Z","level":"info","event":"  File \"parsers.pyx\", line 586, in pandas._libs.parsers.TextReader.__cinit__","chan":"stdout","logger":"task"}
{"timestamp":"2025-05-31T09:29:03.590659Z","level":"info","event":"pandas.errors.EmptyDataError: No columns to parse from file","chan":"stdout","logger":"task"}
{"timestamp":"2025-05-31T09:29:03.590722Z","level":"info","event":"","chan":"stdout","logger":"task"}
{"timestamp":"2025-05-31T09:29:03.590823Z","level":"info","event":"Task instance in success state","chan":"stdout","logger":"task"}
{"timestamp":"2025-05-31T09:29:03.590886Z","level":"info","event":" Previous state of the Task instance: TaskInstanceState.RUNNING","chan":"stdout","logger":"task"}
{"timestamp":"2025-05-31T09:29:03.590946Z","level":"info","event":"Task operator:<Task(ShortCircuitOperator): check_new_reddit_posts>","chan":"stdout","logger":"task"}
{"timestamp":"2025-05-31T09:29:03.588996","level":"info","event":"Done. Returned value was: False","logger":"airflow.task.operators.airflow.providers.standard.operators.python.ShortCircuitOperator"}
{"timestamp":"2025-05-31T09:29:03.589072","level":"info","event":"Condition result is False","logger":"airflow.task.operators.airflow.providers.standard.operators.python.ShortCircuitOperator"}
{"timestamp":"2025-05-31T09:29:03.589114","level":"info","event":"Skipping downstream tasks","logger":"airflow.task.operators.airflow.providers.standard.operators.python.ShortCircuitOperator"}
{"timestamp":"2025-05-31T09:29:03.589344","level":"info","event":"Skipping downstream tasks.","logger":"task"}
