{"timestamp":"2025-05-31T14:17:12.513295","level":"info","event":"DAG bundles loaded: dags-folder, example_dags","logger":"airflow.dag_processing.bundles.manager.DagBundlesManager"}
{"timestamp":"2025-05-31T14:17:12.513686","level":"info","event":"Filling up the DagBag from /opt/airflow/dags/reddit_btc_pipeline.py","logger":"airflow.models.dagbag.DagBag"}
{"timestamp":"2025-05-31T14:17:12.538480Z","level":"info","event":"Task instance is in running state","chan":"stdout","logger":"task"}
{"timestamp":"2025-05-31T14:17:12.540612Z","level":"info","event":" Previous state of the Task instance: TaskInstanceState.QUEUED","chan":"stdout","logger":"task"}
{"timestamp":"2025-05-31T14:17:12.540979Z","level":"info","event":"Current task name:check_new_reddit_posts","chan":"stdout","logger":"task"}
{"timestamp":"2025-05-31T14:17:12.541137Z","level":"info","event":"Dag name:reddit_btc_pipeline","chan":"stdout","logger":"task"}
{"timestamp":"2025-05-31T14:17:14.696840Z","level":"info","event":"STDOUT:","chan":"stdout","logger":"task"}
{"timestamp":"2025-05-31T14:17:14.699534Z","level":"info","event":"STDERR: Traceback (most recent call last):","chan":"stdout","logger":"task"}
{"timestamp":"2025-05-31T14:17:14.699845Z","level":"info","event":"  File \"/opt/airflow/user_pipeline/scripts/check_new_reddit_posts.py\", line 37, in <module>","chan":"stdout","logger":"task"}
{"timestamp":"2025-05-31T14:17:14.699975Z","level":"info","event":"    result = check_for_new_reddit_posts()","chan":"stdout","logger":"task"}
{"timestamp":"2025-05-31T14:17:14.700073Z","level":"info","event":"             ^^^^^^^^^^^^^^^^^^^^^^^^^^^^","chan":"stdout","logger":"task"}
{"timestamp":"2025-05-31T14:17:14.700170Z","level":"info","event":"  File \"/opt/airflow/user_pipeline/scripts/check_new_reddit_posts.py\", line 28, in check_for_new_reddit_posts","chan":"stdout","logger":"task"}
{"timestamp":"2025-05-31T14:17:14.700300Z","level":"info","event":"    existing_df = pd.read_csv(master_file_path)","chan":"stdout","logger":"task"}
{"timestamp":"2025-05-31T14:17:14.700452Z","level":"info","event":"                  ^^^^^^^^^^^^^^^^^^^^^^^^^^^^^","chan":"stdout","logger":"task"}
{"timestamp":"2025-05-31T14:17:14.700591Z","level":"info","event":"  File \"/home/airflow/.local/lib/python3.12/site-packages/pandas/io/parsers/readers.py\", line 948, in read_csv","chan":"stdout","logger":"task"}
{"timestamp":"2025-05-31T14:17:14.700736Z","level":"info","event":"    return _read(filepath_or_buffer, kwds)","chan":"stdout","logger":"task"}
{"timestamp":"2025-05-31T14:17:14.700974Z","level":"info","event":"           ^^^^^^^^^^^^^^^^^^^^^^^^^^^^^^^","chan":"stdout","logger":"task"}
{"timestamp":"2025-05-31T14:17:14.701074Z","level":"info","event":"  File \"/home/airflow/.local/lib/python3.12/site-packages/pandas/io/parsers/readers.py\", line 611, in _read","chan":"stdout","logger":"task"}
{"timestamp":"2025-05-31T14:17:14.701187Z","level":"info","event":"    parser = TextFileReader(filepath_or_buffer, **kwds)","chan":"stdout","logger":"task"}
{"timestamp":"2025-05-31T14:17:14.701325Z","level":"info","event":"             ^^^^^^^^^^^^^^^^^^^^^^^^^^^^^^^^^^^^^^^^^^","chan":"stdout","logger":"task"}
{"timestamp":"2025-05-31T14:17:14.701417Z","level":"info","event":"  File \"/home/airflow/.local/lib/python3.12/site-packages/pandas/io/parsers/readers.py\", line 1448, in __init__","chan":"stdout","logger":"task"}
{"timestamp":"2025-05-31T14:17:14.701507Z","level":"info","event":"    self._engine = self._make_engine(f, self.engine)","chan":"stdout","logger":"task"}
{"timestamp":"2025-05-31T14:17:14.701596Z","level":"info","event":"                   ^^^^^^^^^^^^^^^^^^^^^^^^^^^^^^^^^","chan":"stdout","logger":"task"}
{"timestamp":"2025-05-31T14:17:14.701771Z","level":"info","event":"  File \"/home/airflow/.local/lib/python3.12/site-packages/pandas/io/parsers/readers.py\", line 1723, in _make_engine","chan":"stdout","logger":"task"}
{"timestamp":"2025-05-31T14:17:14.701911Z","level":"info","event":"    return mapping[engine](f, **self.options)","chan":"stdout","logger":"task"}
{"timestamp":"2025-05-31T14:17:14.702035Z","level":"info","event":"           ^^^^^^^^^^^^^^^^^^^^^^^^^^^^^^^^^^","chan":"stdout","logger":"task"}
{"timestamp":"2025-05-31T14:17:14.702329Z","level":"info","event":"  File \"/home/airflow/.local/lib/python3.12/site-packages/pandas/io/parsers/c_parser_wrapper.py\", line 93, in __init__","chan":"stdout","logger":"task"}
{"timestamp":"2025-05-31T14:17:14.702416Z","level":"info","event":"    self._reader = parsers.TextReader(src, **kwds)","chan":"stdout","logger":"task"}
{"timestamp":"2025-05-31T14:17:14.702516Z","level":"info","event":"                   ^^^^^^^^^^^^^^^^^^^^^^^^^^^^^^^","chan":"stdout","logger":"task"}
{"timestamp":"2025-05-31T14:17:14.702672Z","level":"info","event":"  File \"parsers.pyx\", line 586, in pandas._libs.parsers.TextReader.__cinit__","chan":"stdout","logger":"task"}
{"timestamp":"2025-05-31T14:17:14.702833Z","level":"info","event":"pandas.errors.EmptyDataError: No columns to parse from file","chan":"stdout","logger":"task"}
{"timestamp":"2025-05-31T14:17:14.702941Z","level":"info","event":"","chan":"stdout","logger":"task"}
{"timestamp":"2025-05-31T14:17:14.703220Z","level":"info","event":"Task instance in success state","chan":"stdout","logger":"task"}
{"timestamp":"2025-05-31T14:17:14.703332Z","level":"info","event":" Previous state of the Task instance: TaskInstanceState.RUNNING","chan":"stdout","logger":"task"}
{"timestamp":"2025-05-31T14:17:14.703413Z","level":"info","event":"Task operator:<Task(ShortCircuitOperator): check_new_reddit_posts>","chan":"stdout","logger":"task"}
{"timestamp":"2025-05-31T14:17:14.697410","level":"info","event":"Done. Returned value was: False","logger":"airflow.task.operators.airflow.providers.standard.operators.python.ShortCircuitOperator"}
{"timestamp":"2025-05-31T14:17:14.697622","level":"info","event":"Condition result is False","logger":"airflow.task.operators.airflow.providers.standard.operators.python.ShortCircuitOperator"}
{"timestamp":"2025-05-31T14:17:14.697693","level":"info","event":"Skipping downstream tasks","logger":"airflow.task.operators.airflow.providers.standard.operators.python.ShortCircuitOperator"}
{"timestamp":"2025-05-31T14:17:14.698598","level":"info","event":"Skipping downstream tasks.","logger":"task"}
