{"timestamp":"2025-05-31T05:02:09.552057","level":"info","event":"DAG bundles loaded: dags-folder, example_dags","logger":"airflow.dag_processing.bundles.manager.DagBundlesManager"}
{"timestamp":"2025-05-31T05:02:09.552488","level":"info","event":"Filling up the DagBag from /opt/airflow/dags/reddit_btc_pipeline.py","logger":"airflow.models.dagbag.DagBag"}
{"timestamp":"2025-05-31T05:02:09.586650Z","level":"info","event":"Task instance is in running state","chan":"stdout","logger":"task"}
{"timestamp":"2025-05-31T05:02:09.586840Z","level":"info","event":" Previous state of the Task instance: TaskInstanceState.QUEUED","chan":"stdout","logger":"task"}
{"timestamp":"2025-05-31T05:02:09.586951Z","level":"info","event":"Current task name:check_new_reddit_posts","chan":"stdout","logger":"task"}
{"timestamp":"2025-05-31T05:02:09.587058Z","level":"info","event":"Dag name:reddit_btc_pipeline","chan":"stdout","logger":"task"}
{"timestamp":"2025-05-31T05:02:11.339993Z","level":"info","event":"STDOUT:","chan":"stdout","logger":"task"}
{"timestamp":"2025-05-31T05:02:11.340193Z","level":"info","event":"STDERR: Traceback (most recent call last):","chan":"stdout","logger":"task"}
{"timestamp":"2025-05-31T05:02:11.340314Z","level":"info","event":"  File \"/opt/airflow/user_pipeline/scripts/check_new_reddit_posts.py\", line 37, in <module>","chan":"stdout","logger":"task"}
{"timestamp":"2025-05-31T05:02:11.340404Z","level":"info","event":"    result = check_for_new_reddit_posts()","chan":"stdout","logger":"task"}
{"timestamp":"2025-05-31T05:02:11.340489Z","level":"info","event":"             ^^^^^^^^^^^^^^^^^^^^^^^^^^^^","chan":"stdout","logger":"task"}
{"timestamp":"2025-05-31T05:02:11.340571Z","level":"info","event":"  File \"/opt/airflow/user_pipeline/scripts/check_new_reddit_posts.py\", line 28, in check_for_new_reddit_posts","chan":"stdout","logger":"task"}
{"timestamp":"2025-05-31T05:02:11.340660Z","level":"info","event":"    existing_df = pd.read_csv(master_file_path)","chan":"stdout","logger":"task"}
{"timestamp":"2025-05-31T05:02:11.340743Z","level":"info","event":"                  ^^^^^^^^^^^^^^^^^^^^^^^^^^^^^","chan":"stdout","logger":"task"}
{"timestamp":"2025-05-31T05:02:11.340815Z","level":"info","event":"  File \"/home/airflow/.local/lib/python3.12/site-packages/pandas/io/parsers/readers.py\", line 948, in read_csv","chan":"stdout","logger":"task"}
{"timestamp":"2025-05-31T05:02:11.340885Z","level":"info","event":"    return _read(filepath_or_buffer, kwds)","chan":"stdout","logger":"task"}
{"timestamp":"2025-05-31T05:02:11.340955Z","level":"info","event":"           ^^^^^^^^^^^^^^^^^^^^^^^^^^^^^^^","chan":"stdout","logger":"task"}
{"timestamp":"2025-05-31T05:02:11.341028Z","level":"info","event":"  File \"/home/airflow/.local/lib/python3.12/site-packages/pandas/io/parsers/readers.py\", line 611, in _read","chan":"stdout","logger":"task"}
{"timestamp":"2025-05-31T05:02:11.341097Z","level":"info","event":"    parser = TextFileReader(filepath_or_buffer, **kwds)","chan":"stdout","logger":"task"}
{"timestamp":"2025-05-31T05:02:11.341168Z","level":"info","event":"             ^^^^^^^^^^^^^^^^^^^^^^^^^^^^^^^^^^^^^^^^^^","chan":"stdout","logger":"task"}
{"timestamp":"2025-05-31T05:02:11.341237Z","level":"info","event":"  File \"/home/airflow/.local/lib/python3.12/site-packages/pandas/io/parsers/readers.py\", line 1448, in __init__","chan":"stdout","logger":"task"}
{"timestamp":"2025-05-31T05:02:11.341323Z","level":"info","event":"    self._engine = self._make_engine(f, self.engine)","chan":"stdout","logger":"task"}
{"timestamp":"2025-05-31T05:02:11.341413Z","level":"info","event":"                   ^^^^^^^^^^^^^^^^^^^^^^^^^^^^^^^^^","chan":"stdout","logger":"task"}
{"timestamp":"2025-05-31T05:02:11.341497Z","level":"info","event":"  File \"/home/airflow/.local/lib/python3.12/site-packages/pandas/io/parsers/readers.py\", line 1723, in _make_engine","chan":"stdout","logger":"task"}
{"timestamp":"2025-05-31T05:02:11.341582Z","level":"info","event":"    return mapping[engine](f, **self.options)","chan":"stdout","logger":"task"}
{"timestamp":"2025-05-31T05:02:11.341661Z","level":"info","event":"           ^^^^^^^^^^^^^^^^^^^^^^^^^^^^^^^^^^","chan":"stdout","logger":"task"}
{"timestamp":"2025-05-31T05:02:11.342254Z","level":"info","event":"  File \"/home/airflow/.local/lib/python3.12/site-packages/pandas/io/parsers/c_parser_wrapper.py\", line 93, in __init__","chan":"stdout","logger":"task"}
{"timestamp":"2025-05-31T05:02:11.342325Z","level":"info","event":"    self._reader = parsers.TextReader(src, **kwds)","chan":"stdout","logger":"task"}
{"timestamp":"2025-05-31T05:02:11.342395Z","level":"info","event":"                   ^^^^^^^^^^^^^^^^^^^^^^^^^^^^^^^","chan":"stdout","logger":"task"}
{"timestamp":"2025-05-31T05:02:11.342462Z","level":"info","event":"  File \"parsers.pyx\", line 586, in pandas._libs.parsers.TextReader.__cinit__","chan":"stdout","logger":"task"}
{"timestamp":"2025-05-31T05:02:11.342532Z","level":"info","event":"pandas.errors.EmptyDataError: No columns to parse from file","chan":"stdout","logger":"task"}
{"timestamp":"2025-05-31T05:02:11.342598Z","level":"info","event":"","chan":"stdout","logger":"task"}
{"timestamp":"2025-05-31T05:02:11.342702Z","level":"info","event":"Task instance in success state","chan":"stdout","logger":"task"}
{"timestamp":"2025-05-31T05:02:11.342770Z","level":"info","event":" Previous state of the Task instance: TaskInstanceState.RUNNING","chan":"stdout","logger":"task"}
{"timestamp":"2025-05-31T05:02:11.342834Z","level":"info","event":"Task operator:<Task(ShortCircuitOperator): check_new_reddit_posts>","chan":"stdout","logger":"task"}
{"timestamp":"2025-05-31T05:02:11.340458","level":"info","event":"Done. Returned value was: False","logger":"airflow.task.operators.airflow.providers.standard.operators.python.ShortCircuitOperator"}
{"timestamp":"2025-05-31T05:02:11.340537","level":"info","event":"Condition result is False","logger":"airflow.task.operators.airflow.providers.standard.operators.python.ShortCircuitOperator"}
{"timestamp":"2025-05-31T05:02:11.340585","level":"info","event":"Skipping downstream tasks","logger":"airflow.task.operators.airflow.providers.standard.operators.python.ShortCircuitOperator"}
{"timestamp":"2025-05-31T05:02:11.340860","level":"info","event":"Skipping downstream tasks.","logger":"task"}
