{"timestamp":"2025-05-26T19:56:58.938275","level":"info","event":"DAG bundles loaded: dags-folder, example_dags","logger":"airflow.dag_processing.bundles.manager.DagBundlesManager"}
{"timestamp":"2025-05-26T19:56:58.938914","level":"info","event":"Filling up the DagBag from /opt/airflow/dags/reddit_btc_pipeline.py","logger":"airflow.models.dagbag.DagBag"}
{"timestamp":"2025-05-26T19:56:58.956356","level":"info","event":"Tmp dir root location: /tmp","logger":"airflow.task.hooks.airflow.providers.standard.hooks.subprocess.SubprocessHook"}
{"timestamp":"2025-05-26T19:56:59.267805Z","level":"info","event":"Task instance is in running state","chan":"stdout","logger":"task"}
{"timestamp":"2025-05-26T19:56:59.268552Z","level":"info","event":" Previous state of the Task instance: TaskInstanceState.QUEUED","chan":"stdout","logger":"task"}
{"timestamp":"2025-05-26T19:56:59.269257Z","level":"info","event":"Current task name:run_pipeline","chan":"stdout","logger":"task"}
{"timestamp":"2025-05-26T19:56:59.269656Z","level":"info","event":"Dag name:reddit_btc_pipeline","chan":"stdout","logger":"task"}
{"timestamp":"2025-05-26T19:56:58.957486","level":"info","event":"Running command: ['/usr/bin/bash', '-c', 'cd /opt/airflow/user_pipeline && python scripts/daily_pipeline.py']","logger":"airflow.task.hooks.airflow.providers.standard.hooks.subprocess.SubprocessHook"}
{"timestamp":"2025-05-26T19:56:58.969010","level":"info","event":"Output:","logger":"airflow.task.hooks.airflow.providers.standard.hooks.subprocess.SubprocessHook"}
{"timestamp":"2025-05-26T19:57:00.717728","level":"info","event":"Traceback (most recent call last):","logger":"airflow.task.hooks.airflow.providers.standard.hooks.subprocess.SubprocessHook"}
{"timestamp":"2025-05-26T19:57:00.717935","level":"info","event":"  File \"/opt/airflow/user_pipeline/scripts/daily_pipeline.py\", line 9, in <module>","logger":"airflow.task.hooks.airflow.providers.standard.hooks.subprocess.SubprocessHook"}
{"timestamp":"2025-05-26T19:57:00.718045","level":"info","event":"    from process_sentiment import process_sentiment","logger":"airflow.task.hooks.airflow.providers.standard.hooks.subprocess.SubprocessHook"}
{"timestamp":"2025-05-26T19:57:00.718097","level":"info","event":"  File \"/opt/airflow/user_pipeline/scripts/process_sentiment.py\", line 2, in <module>","logger":"airflow.task.hooks.airflow.providers.standard.hooks.subprocess.SubprocessHook"}
{"timestamp":"2025-05-26T19:57:00.718623","level":"info","event":"    from nltk.sentiment import SentimentIntensityAnalyzer","logger":"airflow.task.hooks.airflow.providers.standard.hooks.subprocess.SubprocessHook"}
{"timestamp":"2025-05-26T19:57:00.718670","level":"info","event":"ModuleNotFoundError: No module named 'nltk'","logger":"airflow.task.hooks.airflow.providers.standard.hooks.subprocess.SubprocessHook"}
{"timestamp":"2025-05-26T19:57:00.799964","level":"info","event":"Command exited with return code 1","logger":"airflow.task.hooks.airflow.providers.standard.hooks.subprocess.SubprocessHook"}
{"timestamp":"2025-05-26T19:57:00.800727","level":"error","event":"Task failed with exception","logger":"task","error_detail":[{"exc_type":"AirflowException","exc_value":"Bash command failed. The command returned a non-zero exit code 1.","exc_notes":[],"syntax_error":null,"is_cause":false,"frames":[{"filename":"/home/airflow/.local/lib/python3.12/site-packages/airflow/sdk/execution_time/task_runner.py","lineno":838,"name":"run"},{"filename":"/home/airflow/.local/lib/python3.12/site-packages/airflow/sdk/execution_time/task_runner.py","lineno":1130,"name":"_execute_task"},{"filename":"/home/airflow/.local/lib/python3.12/site-packages/airflow/sdk/bases/operator.py","lineno":408,"name":"wrapper"},{"filename":"/home/airflow/.local/lib/python3.12/site-packages/airflow/providers/standard/operators/bash.py","lineno":233,"name":"execute"}]}]}
{"timestamp":"2025-05-26T19:57:00.801644Z","level":"info","event":"Task instance in failure state","chan":"stdout","logger":"task"}
{"timestamp":"2025-05-26T19:57:00.802056Z","level":"info","event":"Task start","chan":"stdout","logger":"task"}
{"timestamp":"2025-05-26T19:57:00.802276Z","level":"info","event":"Task:<Task(BashOperator): run_pipeline>","chan":"stdout","logger":"task"}
{"timestamp":"2025-05-26T19:57:00.802401Z","level":"info","event":"Failure caused by Bash command failed. The command returned a non-zero exit code 1.","chan":"stdout","logger":"task"}
