{"timestamp":"2025-05-31T11:30:06.922404","level":"info","event":"DAG bundles loaded: dags-folder, example_dags","logger":"airflow.dag_processing.bundles.manager.DagBundlesManager"}
{"timestamp":"2025-05-31T11:30:06.922636","level":"info","event":"Filling up the DagBag from /opt/airflow/dags/reddit_btc_pipeline.py","logger":"airflow.models.dagbag.DagBag"}
{"timestamp":"2025-05-31T11:30:06.936225Z","level":"info","event":"Task instance is in running state","chan":"stdout","logger":"task"}
{"timestamp":"2025-05-31T11:30:06.936309Z","level":"info","event":" Previous state of the Task instance: TaskInstanceState.QUEUED","chan":"stdout","logger":"task"}
{"timestamp":"2025-05-31T11:30:06.936362Z","level":"info","event":"Current task name:check_new_reddit_posts","chan":"stdout","logger":"task"}
{"timestamp":"2025-05-31T11:30:06.936420Z","level":"info","event":"Dag name:reddit_btc_pipeline","chan":"stdout","logger":"task"}
{"timestamp":"2025-05-31T11:30:08.852183Z","level":"info","event":"STDOUT:","chan":"stdout","logger":"task"}
{"timestamp":"2025-05-31T11:30:08.852367Z","level":"info","event":"STDERR: Traceback (most recent call last):","chan":"stdout","logger":"task"}
{"timestamp":"2025-05-31T11:30:08.852490Z","level":"info","event":"  File \"/opt/airflow/user_pipeline/scripts/check_new_reddit_posts.py\", line 37, in <module>","chan":"stdout","logger":"task"}
{"timestamp":"2025-05-31T11:30:08.852575Z","level":"info","event":"    result = check_for_new_reddit_posts()","chan":"stdout","logger":"task"}
{"timestamp":"2025-05-31T11:30:08.852655Z","level":"info","event":"             ^^^^^^^^^^^^^^^^^^^^^^^^^^^^","chan":"stdout","logger":"task"}
{"timestamp":"2025-05-31T11:30:08.852731Z","level":"info","event":"  File \"/opt/airflow/user_pipeline/scripts/check_new_reddit_posts.py\", line 28, in check_for_new_reddit_posts","chan":"stdout","logger":"task"}
{"timestamp":"2025-05-31T11:30:08.852808Z","level":"info","event":"    existing_df = pd.read_csv(master_file_path)","chan":"stdout","logger":"task"}
{"timestamp":"2025-05-31T11:30:08.852877Z","level":"info","event":"                  ^^^^^^^^^^^^^^^^^^^^^^^^^^^^^","chan":"stdout","logger":"task"}
{"timestamp":"2025-05-31T11:30:08.852943Z","level":"info","event":"  File \"/home/airflow/.local/lib/python3.12/site-packages/pandas/io/parsers/readers.py\", line 948, in read_csv","chan":"stdout","logger":"task"}
{"timestamp":"2025-05-31T11:30:08.853001Z","level":"info","event":"    return _read(filepath_or_buffer, kwds)","chan":"stdout","logger":"task"}
{"timestamp":"2025-05-31T11:30:08.853060Z","level":"info","event":"           ^^^^^^^^^^^^^^^^^^^^^^^^^^^^^^^","chan":"stdout","logger":"task"}
{"timestamp":"2025-05-31T11:30:08.853126Z","level":"info","event":"  File \"/home/airflow/.local/lib/python3.12/site-packages/pandas/io/parsers/readers.py\", line 611, in _read","chan":"stdout","logger":"task"}
{"timestamp":"2025-05-31T11:30:08.853205Z","level":"info","event":"    parser = TextFileReader(filepath_or_buffer, **kwds)","chan":"stdout","logger":"task"}
{"timestamp":"2025-05-31T11:30:08.853298Z","level":"info","event":"             ^^^^^^^^^^^^^^^^^^^^^^^^^^^^^^^^^^^^^^^^^^","chan":"stdout","logger":"task"}
{"timestamp":"2025-05-31T11:30:08.853382Z","level":"info","event":"  File \"/home/airflow/.local/lib/python3.12/site-packages/pandas/io/parsers/readers.py\", line 1448, in __init__","chan":"stdout","logger":"task"}
{"timestamp":"2025-05-31T11:30:08.853456Z","level":"info","event":"    self._engine = self._make_engine(f, self.engine)","chan":"stdout","logger":"task"}
{"timestamp":"2025-05-31T11:30:08.853523Z","level":"info","event":"                   ^^^^^^^^^^^^^^^^^^^^^^^^^^^^^^^^^","chan":"stdout","logger":"task"}
{"timestamp":"2025-05-31T11:30:08.853592Z","level":"info","event":"  File \"/home/airflow/.local/lib/python3.12/site-packages/pandas/io/parsers/readers.py\", line 1723, in _make_engine","chan":"stdout","logger":"task"}
{"timestamp":"2025-05-31T11:30:08.853658Z","level":"info","event":"    return mapping[engine](f, **self.options)","chan":"stdout","logger":"task"}
{"timestamp":"2025-05-31T11:30:08.853729Z","level":"info","event":"           ^^^^^^^^^^^^^^^^^^^^^^^^^^^^^^^^^^","chan":"stdout","logger":"task"}
{"timestamp":"2025-05-31T11:30:08.853858Z","level":"info","event":"  File \"/home/airflow/.local/lib/python3.12/site-packages/pandas/io/parsers/c_parser_wrapper.py\", line 93, in __init__","chan":"stdout","logger":"task"}
{"timestamp":"2025-05-31T11:30:08.853920Z","level":"info","event":"    self._reader = parsers.TextReader(src, **kwds)","chan":"stdout","logger":"task"}
{"timestamp":"2025-05-31T11:30:08.853991Z","level":"info","event":"                   ^^^^^^^^^^^^^^^^^^^^^^^^^^^^^^^","chan":"stdout","logger":"task"}
{"timestamp":"2025-05-31T11:30:08.854052Z","level":"info","event":"  File \"parsers.pyx\", line 586, in pandas._libs.parsers.TextReader.__cinit__","chan":"stdout","logger":"task"}
{"timestamp":"2025-05-31T11:30:08.854114Z","level":"info","event":"pandas.errors.EmptyDataError: No columns to parse from file","chan":"stdout","logger":"task"}
{"timestamp":"2025-05-31T11:30:08.854175Z","level":"info","event":"","chan":"stdout","logger":"task"}
{"timestamp":"2025-05-31T11:30:08.854277Z","level":"info","event":"Task instance in success state","chan":"stdout","logger":"task"}
{"timestamp":"2025-05-31T11:30:08.854340Z","level":"info","event":" Previous state of the Task instance: TaskInstanceState.RUNNING","chan":"stdout","logger":"task"}
{"timestamp":"2025-05-31T11:30:08.854401Z","level":"info","event":"Task operator:<Task(ShortCircuitOperator): check_new_reddit_posts>","chan":"stdout","logger":"task"}
{"timestamp":"2025-05-31T11:30:08.852528","level":"info","event":"Done. Returned value was: False","logger":"airflow.task.operators.airflow.providers.standard.operators.python.ShortCircuitOperator"}
{"timestamp":"2025-05-31T11:30:08.852601","level":"info","event":"Condition result is False","logger":"airflow.task.operators.airflow.providers.standard.operators.python.ShortCircuitOperator"}
{"timestamp":"2025-05-31T11:30:08.852635","level":"info","event":"Skipping downstream tasks","logger":"airflow.task.operators.airflow.providers.standard.operators.python.ShortCircuitOperator"}
{"timestamp":"2025-05-31T11:30:08.852839","level":"info","event":"Skipping downstream tasks.","logger":"task"}
